mode: set
AccountingDoc/Gin-Server/service/doc-service.go:59.33,62.16 3 0
AccountingDoc/Gin-Server/service/doc-service.go:66.2,68.50 2 0
AccountingDoc/Gin-Server/service/doc-service.go:71.2,71.43 1 0
AccountingDoc/Gin-Server/service/doc-service.go:74.2,74.47 1 0
AccountingDoc/Gin-Server/service/doc-service.go:78.2,78.46 1 0
AccountingDoc/Gin-Server/service/doc-service.go:81.2,81.48 1 0
AccountingDoc/Gin-Server/service/doc-service.go:84.2,84.51 1 0
AccountingDoc/Gin-Server/service/doc-service.go:91.2,91.44 1 0
AccountingDoc/Gin-Server/service/doc-service.go:94.2,94.48 1 0
AccountingDoc/Gin-Server/service/doc-service.go:98.2,98.11 1 0
AccountingDoc/Gin-Server/service/doc-service.go:62.16,63.38 1 0
AccountingDoc/Gin-Server/service/doc-service.go:68.50,70.3 1 0
AccountingDoc/Gin-Server/service/doc-service.go:71.43,73.3 1 0
AccountingDoc/Gin-Server/service/doc-service.go:74.47,76.3 1 0
AccountingDoc/Gin-Server/service/doc-service.go:78.46,80.3 1 0
AccountingDoc/Gin-Server/service/doc-service.go:81.48,83.3 1 0
AccountingDoc/Gin-Server/service/doc-service.go:84.51,90.3 5 0
AccountingDoc/Gin-Server/service/doc-service.go:91.44,93.3 1 0
AccountingDoc/Gin-Server/service/doc-service.go:94.48,96.3 1 0
AccountingDoc/Gin-Server/service/doc-service.go:101.45,103.2 1 1
AccountingDoc/Gin-Server/service/doc-service.go:106.70,108.21 2 1
AccountingDoc/Gin-Server/service/doc-service.go:112.2,113.16 2 1
AccountingDoc/Gin-Server/service/doc-service.go:119.2,119.41 1 1
AccountingDoc/Gin-Server/service/doc-service.go:123.2,123.12 1 1
AccountingDoc/Gin-Server/service/doc-service.go:108.21,110.3 1 0
AccountingDoc/Gin-Server/service/doc-service.go:113.16,114.41 1 1
AccountingDoc/Gin-Server/service/doc-service.go:117.3,117.13 1 1
AccountingDoc/Gin-Server/service/doc-service.go:114.41,116.4 1 0
AccountingDoc/Gin-Server/service/doc-service.go:119.41,121.3 1 0
AccountingDoc/Gin-Server/service/doc-service.go:126.44,128.16 2 1
AccountingDoc/Gin-Server/service/doc-service.go:131.2,132.16 2 1
AccountingDoc/Gin-Server/service/doc-service.go:135.2,135.12 1 1
AccountingDoc/Gin-Server/service/doc-service.go:128.16,130.3 1 0
AccountingDoc/Gin-Server/service/doc-service.go:132.16,134.3 1 0
AccountingDoc/Gin-Server/service/doc-service.go:138.40,142.2 1 1
AccountingDoc/Gin-Server/service/doc-service.go:144.60,147.22 3 1
AccountingDoc/Gin-Server/service/doc-service.go:150.2,150.18 1 1
AccountingDoc/Gin-Server/service/doc-service.go:147.22,149.3 1 0
AccountingDoc/Gin-Server/service/doc-service.go:153.68,156.22 3 1
AccountingDoc/Gin-Server/service/doc-service.go:159.2,159.17 1 1
AccountingDoc/Gin-Server/service/doc-service.go:156.22,158.3 1 0
AccountingDoc/Gin-Server/service/doc-service.go:163.55,164.57 1 1
AccountingDoc/Gin-Server/service/doc-service.go:199.2,199.12 1 1
AccountingDoc/Gin-Server/service/doc-service.go:164.57,167.23 3 1
AccountingDoc/Gin-Server/service/doc-service.go:170.3,173.23 4 1
AccountingDoc/Gin-Server/service/doc-service.go:176.3,178.23 3 1
AccountingDoc/Gin-Server/service/doc-service.go:181.3,182.36 2 1
AccountingDoc/Gin-Server/service/doc-service.go:185.3,186.23 2 1
AccountingDoc/Gin-Server/service/doc-service.go:189.3,189.29 1 1
AccountingDoc/Gin-Server/service/doc-service.go:192.3,192.31 1 1
AccountingDoc/Gin-Server/service/doc-service.go:196.3,197.19 2 1
AccountingDoc/Gin-Server/service/doc-service.go:167.23,169.4 1 0
AccountingDoc/Gin-Server/service/doc-service.go:173.23,175.4 1 0
AccountingDoc/Gin-Server/service/doc-service.go:178.23,180.4 1 0
AccountingDoc/Gin-Server/service/doc-service.go:182.36,184.4 1 1
AccountingDoc/Gin-Server/service/doc-service.go:186.23,188.4 1 1
AccountingDoc/Gin-Server/service/doc-service.go:189.29,191.4 1 1
AccountingDoc/Gin-Server/service/doc-service.go:192.31,195.4 2 1
AccountingDoc/Gin-Server/service/doc-service.go:202.38,203.23 1 1
AccountingDoc/Gin-Server/service/doc-service.go:208.2,208.25 1 1
AccountingDoc/Gin-Server/service/doc-service.go:213.2,213.21 1 1
AccountingDoc/Gin-Server/service/doc-service.go:218.2,218.23 1 0
AccountingDoc/Gin-Server/service/doc-service.go:223.2,223.27 1 0
AccountingDoc/Gin-Server/service/doc-service.go:228.2,228.27 1 0
AccountingDoc/Gin-Server/service/doc-service.go:233.2,233.10 1 0
AccountingDoc/Gin-Server/service/doc-service.go:203.23,205.3 1 1
AccountingDoc/Gin-Server/service/doc-service.go:205.8,205.30 1 1
AccountingDoc/Gin-Server/service/doc-service.go:205.30,207.3 1 0
AccountingDoc/Gin-Server/service/doc-service.go:208.25,210.3 1 1
AccountingDoc/Gin-Server/service/doc-service.go:210.8,210.32 1 1
AccountingDoc/Gin-Server/service/doc-service.go:210.32,212.3 1 0
AccountingDoc/Gin-Server/service/doc-service.go:213.21,215.3 1 1
AccountingDoc/Gin-Server/service/doc-service.go:215.8,215.28 1 1
AccountingDoc/Gin-Server/service/doc-service.go:215.28,217.3 1 1
AccountingDoc/Gin-Server/service/doc-service.go:218.23,220.3 1 0
AccountingDoc/Gin-Server/service/doc-service.go:220.8,220.30 1 0
AccountingDoc/Gin-Server/service/doc-service.go:220.30,222.3 1 0
AccountingDoc/Gin-Server/service/doc-service.go:223.27,225.3 1 0
AccountingDoc/Gin-Server/service/doc-service.go:225.8,225.34 1 0
AccountingDoc/Gin-Server/service/doc-service.go:225.34,227.3 1 0
AccountingDoc/Gin-Server/service/doc-service.go:228.27,230.3 1 0
AccountingDoc/Gin-Server/service/doc-service.go:230.8,230.34 1 0
AccountingDoc/Gin-Server/service/doc-service.go:230.34,232.3 1 0
AccountingDoc/Gin-Server/service/doc-service.go:238.83,239.57 1 0
AccountingDoc/Gin-Server/service/doc-service.go:293.2,293.12 1 0
AccountingDoc/Gin-Server/service/doc-service.go:239.57,242.23 3 0
AccountingDoc/Gin-Server/service/doc-service.go:245.3,246.36 2 0
AccountingDoc/Gin-Server/service/doc-service.go:249.3,265.23 2 0
AccountingDoc/Gin-Server/service/doc-service.go:268.3,268.34 1 0
AccountingDoc/Gin-Server/service/doc-service.go:272.3,272.35 1 0
AccountingDoc/Gin-Server/service/doc-service.go:275.3,275.31 1 0
AccountingDoc/Gin-Server/service/doc-service.go:281.3,281.34 1 0
AccountingDoc/Gin-Server/service/doc-service.go:287.3,288.23 2 0
AccountingDoc/Gin-Server/service/doc-service.go:291.3,291.13 1 0
AccountingDoc/Gin-Server/service/doc-service.go:242.23,244.4 1 0
AccountingDoc/Gin-Server/service/doc-service.go:246.36,248.4 1 0
AccountingDoc/Gin-Server/service/doc-service.go:265.23,267.4 1 0
AccountingDoc/Gin-Server/service/doc-service.go:268.34,271.4 2 0
AccountingDoc/Gin-Server/service/doc-service.go:272.35,274.4 1 0
AccountingDoc/Gin-Server/service/doc-service.go:275.31,277.24 2 0
AccountingDoc/Gin-Server/service/doc-service.go:277.24,279.5 1 0
AccountingDoc/Gin-Server/service/doc-service.go:281.34,283.24 2 0
AccountingDoc/Gin-Server/service/doc-service.go:283.24,285.5 1 0
AccountingDoc/Gin-Server/service/doc-service.go:288.23,290.4 1 0
AccountingDoc/Gin-Server/service/doc-service.go:296.60,297.57 1 0
AccountingDoc/Gin-Server/service/doc-service.go:301.2,301.12 1 0
AccountingDoc/Gin-Server/service/doc-service.go:297.57,300.3 2 0
AccountingDoc/Gin-Server/service/doc-service.go:304.57,305.57 1 0
AccountingDoc/Gin-Server/service/doc-service.go:321.2,321.12 1 0
AccountingDoc/Gin-Server/service/doc-service.go:305.57,308.23 3 0
AccountingDoc/Gin-Server/service/doc-service.go:311.3,311.32 1 0
AccountingDoc/Gin-Server/service/doc-service.go:314.3,314.21 1 0
AccountingDoc/Gin-Server/service/doc-service.go:317.3,318.19 2 0
AccountingDoc/Gin-Server/service/doc-service.go:308.23,310.4 1 0
AccountingDoc/Gin-Server/service/doc-service.go:311.32,313.4 1 0
AccountingDoc/Gin-Server/service/doc-service.go:314.21,316.4 1 0
AccountingDoc/Gin-Server/service/doc-service.go:325.53,326.57 1 0
AccountingDoc/Gin-Server/service/doc-service.go:341.2,341.12 1 0
AccountingDoc/Gin-Server/service/doc-service.go:326.57,329.23 3 0
AccountingDoc/Gin-Server/service/doc-service.go:332.3,332.32 1 0
AccountingDoc/Gin-Server/service/doc-service.go:335.3,335.21 1 0
AccountingDoc/Gin-Server/service/doc-service.go:338.3,339.19 2 0
AccountingDoc/Gin-Server/service/doc-service.go:329.23,331.4 1 0
AccountingDoc/Gin-Server/service/doc-service.go:332.32,334.4 1 0
AccountingDoc/Gin-Server/service/doc-service.go:335.21,337.4 1 0
AccountingDoc/Gin-Server/service/doc-service.go:344.56,345.57 1 0
AccountingDoc/Gin-Server/service/doc-service.go:371.2,371.12 1 0
AccountingDoc/Gin-Server/service/doc-service.go:345.57,348.23 3 0
AccountingDoc/Gin-Server/service/doc-service.go:351.3,351.32 1 0
AccountingDoc/Gin-Server/service/doc-service.go:354.3,354.21 1 0
AccountingDoc/Gin-Server/service/doc-service.go:357.3,359.23 3 0
AccountingDoc/Gin-Server/service/doc-service.go:362.3,362.20 1 0
AccountingDoc/Gin-Server/service/doc-service.go:368.3,369.19 2 0
AccountingDoc/Gin-Server/service/doc-service.go:348.23,350.4 1 0
AccountingDoc/Gin-Server/service/doc-service.go:351.32,353.4 1 0
AccountingDoc/Gin-Server/service/doc-service.go:354.21,356.4 1 0
AccountingDoc/Gin-Server/service/doc-service.go:359.23,361.4 1 0
AccountingDoc/Gin-Server/service/doc-service.go:362.20,364.24 2 0
AccountingDoc/Gin-Server/service/doc-service.go:364.24,366.5 1 0
AccountingDoc/Gin-Server/service/doc-service.go:374.65,378.2 3 0
AccountingDoc/Gin-Server/service/doc-service.go:379.69,383.2 3 0
AccountingDoc/Gin-Server/service/doc-service.go:384.74,385.57 1 0
AccountingDoc/Gin-Server/service/doc-service.go:439.2,439.12 1 0
AccountingDoc/Gin-Server/service/doc-service.go:385.57,387.25 1 0
AccountingDoc/Gin-Server/service/doc-service.go:391.3,391.54 1 0
AccountingDoc/Gin-Server/service/doc-service.go:394.3,394.54 1 0
AccountingDoc/Gin-Server/service/doc-service.go:398.3,401.23 4 0
AccountingDoc/Gin-Server/service/doc-service.go:404.3,404.26 1 0
AccountingDoc/Gin-Server/service/doc-service.go:419.3,419.25 1 0
AccountingDoc/Gin-Server/service/doc-service.go:437.3,437.13 1 0
AccountingDoc/Gin-Server/service/doc-service.go:387.25,389.4 1 0
AccountingDoc/Gin-Server/service/doc-service.go:391.54,393.4 1 0
AccountingDoc/Gin-Server/service/doc-service.go:394.54,396.4 1 0
AccountingDoc/Gin-Server/service/doc-service.go:401.23,403.4 1 0
AccountingDoc/Gin-Server/service/doc-service.go:404.26,406.24 2 0
AccountingDoc/Gin-Server/service/doc-service.go:406.24,408.5 1 0
AccountingDoc/Gin-Server/service/doc-service.go:409.9,410.37 1 0
AccountingDoc/Gin-Server/service/doc-service.go:413.4,414.24 2 0
AccountingDoc/Gin-Server/service/doc-service.go:410.37,412.5 1 0
AccountingDoc/Gin-Server/service/doc-service.go:414.24,416.5 1 0
AccountingDoc/Gin-Server/service/doc-service.go:419.25,420.77 1 0
AccountingDoc/Gin-Server/service/doc-service.go:423.4,423.29 1 0
AccountingDoc/Gin-Server/service/doc-service.go:420.77,422.5 1 0
AccountingDoc/Gin-Server/service/doc-service.go:423.29,424.64 1 0
AccountingDoc/Gin-Server/service/doc-service.go:424.64,426.6 1 0
AccountingDoc/Gin-Server/service/doc-service.go:427.10,428.63 1 0
AccountingDoc/Gin-Server/service/doc-service.go:428.63,430.6 1 0
AccountingDoc/Gin-Server/service/doc-service.go:432.9,433.77 1 0
AccountingDoc/Gin-Server/service/doc-service.go:433.77,435.5 1 0
AccountingDoc/Gin-Server/service/doc-service.go:442.84,445.22 3 0
AccountingDoc/Gin-Server/service/doc-service.go:448.2,448.18 1 0
AccountingDoc/Gin-Server/service/doc-service.go:445.22,447.3 1 0
AccountingDoc/Gin-Server/service/doc-service.go:451.46,452.57 1 0
AccountingDoc/Gin-Server/service/doc-service.go:464.2,464.12 1 0
AccountingDoc/Gin-Server/service/doc-service.go:452.57,455.23 3 0
AccountingDoc/Gin-Server/service/doc-service.go:458.3,458.23 1 0
AccountingDoc/Gin-Server/service/doc-service.go:461.3,462.19 2 0
AccountingDoc/Gin-Server/service/doc-service.go:455.23,457.4 1 0
AccountingDoc/Gin-Server/service/doc-service.go:458.23,460.4 1 0
