mode: set
AccountingDoc/Gin-Server/service/doc-service.go:60.33,63.16 3 0
AccountingDoc/Gin-Server/service/doc-service.go:67.2,69.50 2 0
AccountingDoc/Gin-Server/service/doc-service.go:72.2,72.43 1 0
AccountingDoc/Gin-Server/service/doc-service.go:75.2,75.47 1 0
AccountingDoc/Gin-Server/service/doc-service.go:79.2,79.46 1 0
AccountingDoc/Gin-Server/service/doc-service.go:82.2,82.48 1 0
AccountingDoc/Gin-Server/service/doc-service.go:85.2,85.51 1 0
AccountingDoc/Gin-Server/service/doc-service.go:92.2,92.44 1 0
AccountingDoc/Gin-Server/service/doc-service.go:95.2,95.48 1 0
AccountingDoc/Gin-Server/service/doc-service.go:99.2,99.11 1 0
AccountingDoc/Gin-Server/service/doc-service.go:63.16,64.38 1 0
AccountingDoc/Gin-Server/service/doc-service.go:69.50,71.3 1 0
AccountingDoc/Gin-Server/service/doc-service.go:72.43,74.3 1 0
AccountingDoc/Gin-Server/service/doc-service.go:75.47,77.3 1 0
AccountingDoc/Gin-Server/service/doc-service.go:79.46,81.3 1 0
AccountingDoc/Gin-Server/service/doc-service.go:82.48,84.3 1 0
AccountingDoc/Gin-Server/service/doc-service.go:85.51,91.3 5 0
AccountingDoc/Gin-Server/service/doc-service.go:92.44,94.3 1 0
AccountingDoc/Gin-Server/service/doc-service.go:95.48,97.3 1 0
AccountingDoc/Gin-Server/service/doc-service.go:102.45,104.2 1 1
AccountingDoc/Gin-Server/service/doc-service.go:107.70,109.21 2 1
AccountingDoc/Gin-Server/service/doc-service.go:113.2,114.16 2 1
AccountingDoc/Gin-Server/service/doc-service.go:120.2,120.41 1 1
AccountingDoc/Gin-Server/service/doc-service.go:124.2,124.12 1 1
AccountingDoc/Gin-Server/service/doc-service.go:109.21,111.3 1 0
AccountingDoc/Gin-Server/service/doc-service.go:114.16,115.41 1 1
AccountingDoc/Gin-Server/service/doc-service.go:118.3,118.13 1 1
AccountingDoc/Gin-Server/service/doc-service.go:115.41,117.4 1 0
AccountingDoc/Gin-Server/service/doc-service.go:120.41,122.3 1 0
AccountingDoc/Gin-Server/service/doc-service.go:127.44,129.16 2 1
AccountingDoc/Gin-Server/service/doc-service.go:132.2,133.16 2 1
AccountingDoc/Gin-Server/service/doc-service.go:136.2,136.12 1 1
AccountingDoc/Gin-Server/service/doc-service.go:129.16,131.3 1 0
AccountingDoc/Gin-Server/service/doc-service.go:133.16,135.3 1 0
AccountingDoc/Gin-Server/service/doc-service.go:139.40,143.2 1 1
AccountingDoc/Gin-Server/service/doc-service.go:145.60,148.22 3 1
AccountingDoc/Gin-Server/service/doc-service.go:151.2,151.18 1 1
AccountingDoc/Gin-Server/service/doc-service.go:148.22,150.3 1 0
AccountingDoc/Gin-Server/service/doc-service.go:154.68,157.22 3 1
AccountingDoc/Gin-Server/service/doc-service.go:160.2,160.17 1 1
AccountingDoc/Gin-Server/service/doc-service.go:157.22,159.3 1 0
AccountingDoc/Gin-Server/service/doc-service.go:164.55,165.57 1 1
AccountingDoc/Gin-Server/service/doc-service.go:206.2,206.12 1 1
AccountingDoc/Gin-Server/service/doc-service.go:165.57,168.23 3 1
AccountingDoc/Gin-Server/service/doc-service.go:171.3,174.23 4 1
AccountingDoc/Gin-Server/service/doc-service.go:177.3,177.42 1 1
AccountingDoc/Gin-Server/service/doc-service.go:183.3,185.23 3 1
AccountingDoc/Gin-Server/service/doc-service.go:188.3,189.36 2 1
AccountingDoc/Gin-Server/service/doc-service.go:192.3,193.23 2 1
AccountingDoc/Gin-Server/service/doc-service.go:196.3,196.29 1 1
AccountingDoc/Gin-Server/service/doc-service.go:199.3,199.31 1 1
AccountingDoc/Gin-Server/service/doc-service.go:203.3,204.19 2 1
AccountingDoc/Gin-Server/service/doc-service.go:168.23,170.4 1 0
AccountingDoc/Gin-Server/service/doc-service.go:174.23,176.4 1 0
AccountingDoc/Gin-Server/service/doc-service.go:177.42,179.18 2 1
AccountingDoc/Gin-Server/service/doc-service.go:179.18,181.5 1 0
AccountingDoc/Gin-Server/service/doc-service.go:185.23,187.4 1 0
AccountingDoc/Gin-Server/service/doc-service.go:189.36,191.4 1 1
AccountingDoc/Gin-Server/service/doc-service.go:193.23,195.4 1 1
AccountingDoc/Gin-Server/service/doc-service.go:196.29,198.4 1 1
AccountingDoc/Gin-Server/service/doc-service.go:199.31,202.4 2 1
AccountingDoc/Gin-Server/service/doc-service.go:209.38,210.23 1 1
AccountingDoc/Gin-Server/service/doc-service.go:215.2,215.25 1 1
AccountingDoc/Gin-Server/service/doc-service.go:220.2,220.21 1 1
AccountingDoc/Gin-Server/service/doc-service.go:225.2,225.23 1 1
AccountingDoc/Gin-Server/service/doc-service.go:230.2,230.27 1 1
AccountingDoc/Gin-Server/service/doc-service.go:235.2,235.27 1 0
AccountingDoc/Gin-Server/service/doc-service.go:240.2,240.10 1 0
AccountingDoc/Gin-Server/service/doc-service.go:210.23,212.3 1 1
AccountingDoc/Gin-Server/service/doc-service.go:212.8,212.30 1 1
AccountingDoc/Gin-Server/service/doc-service.go:212.30,214.3 1 0
AccountingDoc/Gin-Server/service/doc-service.go:215.25,217.3 1 1
AccountingDoc/Gin-Server/service/doc-service.go:217.8,217.32 1 1
AccountingDoc/Gin-Server/service/doc-service.go:217.32,219.3 1 1
AccountingDoc/Gin-Server/service/doc-service.go:220.21,222.3 1 1
AccountingDoc/Gin-Server/service/doc-service.go:222.8,222.28 1 1
AccountingDoc/Gin-Server/service/doc-service.go:222.28,224.3 1 1
AccountingDoc/Gin-Server/service/doc-service.go:225.23,227.3 1 0
AccountingDoc/Gin-Server/service/doc-service.go:227.8,227.30 1 1
AccountingDoc/Gin-Server/service/doc-service.go:227.30,229.3 1 1
AccountingDoc/Gin-Server/service/doc-service.go:230.27,232.3 1 0
AccountingDoc/Gin-Server/service/doc-service.go:232.8,232.34 1 1
AccountingDoc/Gin-Server/service/doc-service.go:232.34,234.3 1 1
AccountingDoc/Gin-Server/service/doc-service.go:235.27,237.3 1 0
AccountingDoc/Gin-Server/service/doc-service.go:237.8,237.34 1 0
AccountingDoc/Gin-Server/service/doc-service.go:237.34,239.3 1 0
AccountingDoc/Gin-Server/service/doc-service.go:245.83,246.57 1 1
AccountingDoc/Gin-Server/service/doc-service.go:309.2,309.12 1 1
AccountingDoc/Gin-Server/service/doc-service.go:246.57,249.23 3 1
AccountingDoc/Gin-Server/service/doc-service.go:252.3,253.36 2 1
AccountingDoc/Gin-Server/service/doc-service.go:256.3,272.23 2 1
AccountingDoc/Gin-Server/service/doc-service.go:276.3,279.94 4 1
AccountingDoc/Gin-Server/service/doc-service.go:282.3,282.34 1 1
AccountingDoc/Gin-Server/service/doc-service.go:286.3,286.35 1 1
AccountingDoc/Gin-Server/service/doc-service.go:289.3,289.31 1 1
AccountingDoc/Gin-Server/service/doc-service.go:295.3,295.34 1 1
AccountingDoc/Gin-Server/service/doc-service.go:301.3,301.32 1 1
AccountingDoc/Gin-Server/service/doc-service.go:307.3,307.13 1 1
AccountingDoc/Gin-Server/service/doc-service.go:249.23,251.4 1 0
AccountingDoc/Gin-Server/service/doc-service.go:253.36,255.4 1 1
AccountingDoc/Gin-Server/service/doc-service.go:272.23,274.4 1 0
AccountingDoc/Gin-Server/service/doc-service.go:279.94,281.4 1 1
AccountingDoc/Gin-Server/service/doc-service.go:282.34,285.4 2 1
AccountingDoc/Gin-Server/service/doc-service.go:286.35,288.4 1 1
AccountingDoc/Gin-Server/service/doc-service.go:289.31,291.24 2 1
AccountingDoc/Gin-Server/service/doc-service.go:291.24,293.5 1 0
AccountingDoc/Gin-Server/service/doc-service.go:295.34,297.24 2 1
AccountingDoc/Gin-Server/service/doc-service.go:297.24,299.5 1 0
AccountingDoc/Gin-Server/service/doc-service.go:301.32,303.24 2 1
AccountingDoc/Gin-Server/service/doc-service.go:303.24,305.5 1 0
AccountingDoc/Gin-Server/service/doc-service.go:312.60,313.57 1 1
AccountingDoc/Gin-Server/service/doc-service.go:317.2,317.12 1 1
AccountingDoc/Gin-Server/service/doc-service.go:313.57,316.3 2 1
AccountingDoc/Gin-Server/service/doc-service.go:320.57,321.57 1 1
AccountingDoc/Gin-Server/service/doc-service.go:337.2,337.12 1 1
AccountingDoc/Gin-Server/service/doc-service.go:321.57,324.23 3 1
AccountingDoc/Gin-Server/service/doc-service.go:327.3,327.32 1 1
AccountingDoc/Gin-Server/service/doc-service.go:330.3,330.21 1 1
AccountingDoc/Gin-Server/service/doc-service.go:333.3,334.19 2 1
AccountingDoc/Gin-Server/service/doc-service.go:324.23,326.4 1 0
AccountingDoc/Gin-Server/service/doc-service.go:327.32,329.4 1 1
AccountingDoc/Gin-Server/service/doc-service.go:330.21,332.4 1 0
AccountingDoc/Gin-Server/service/doc-service.go:341.53,342.57 1 1
AccountingDoc/Gin-Server/service/doc-service.go:357.2,357.12 1 1
AccountingDoc/Gin-Server/service/doc-service.go:342.57,345.23 3 1
AccountingDoc/Gin-Server/service/doc-service.go:348.3,348.32 1 1
AccountingDoc/Gin-Server/service/doc-service.go:351.3,351.21 1 1
AccountingDoc/Gin-Server/service/doc-service.go:354.3,355.19 2 1
AccountingDoc/Gin-Server/service/doc-service.go:345.23,347.4 1 0
AccountingDoc/Gin-Server/service/doc-service.go:348.32,350.4 1 1
AccountingDoc/Gin-Server/service/doc-service.go:351.21,353.4 1 1
AccountingDoc/Gin-Server/service/doc-service.go:360.56,361.57 1 1
AccountingDoc/Gin-Server/service/doc-service.go:387.2,387.12 1 1
AccountingDoc/Gin-Server/service/doc-service.go:361.57,364.23 3 1
AccountingDoc/Gin-Server/service/doc-service.go:367.3,367.32 1 1
AccountingDoc/Gin-Server/service/doc-service.go:370.3,370.21 1 1
AccountingDoc/Gin-Server/service/doc-service.go:373.3,375.23 3 1
AccountingDoc/Gin-Server/service/doc-service.go:378.3,378.20 1 1
AccountingDoc/Gin-Server/service/doc-service.go:384.3,385.19 2 1
AccountingDoc/Gin-Server/service/doc-service.go:364.23,366.4 1 0
AccountingDoc/Gin-Server/service/doc-service.go:367.32,369.4 1 0
AccountingDoc/Gin-Server/service/doc-service.go:370.21,372.4 1 0
AccountingDoc/Gin-Server/service/doc-service.go:375.23,377.4 1 0
AccountingDoc/Gin-Server/service/doc-service.go:378.20,380.24 2 0
AccountingDoc/Gin-Server/service/doc-service.go:380.24,382.5 1 0
AccountingDoc/Gin-Server/service/doc-service.go:390.65,394.2 3 1
AccountingDoc/Gin-Server/service/doc-service.go:395.69,399.2 3 1
AccountingDoc/Gin-Server/service/doc-service.go:400.74,401.57 1 1
AccountingDoc/Gin-Server/service/doc-service.go:458.2,458.12 1 1
AccountingDoc/Gin-Server/service/doc-service.go:401.57,403.25 1 1
AccountingDoc/Gin-Server/service/doc-service.go:407.3,407.54 1 1
AccountingDoc/Gin-Server/service/doc-service.go:410.3,410.54 1 1
AccountingDoc/Gin-Server/service/doc-service.go:414.3,417.23 4 1
AccountingDoc/Gin-Server/service/doc-service.go:420.3,420.26 1 1
AccountingDoc/Gin-Server/service/doc-service.go:438.3,438.25 1 1
AccountingDoc/Gin-Server/service/doc-service.go:456.3,456.13 1 1
AccountingDoc/Gin-Server/service/doc-service.go:403.25,405.4 1 1
AccountingDoc/Gin-Server/service/doc-service.go:407.54,409.4 1 1
AccountingDoc/Gin-Server/service/doc-service.go:410.54,412.4 1 1
AccountingDoc/Gin-Server/service/doc-service.go:417.23,419.4 1 1
AccountingDoc/Gin-Server/service/doc-service.go:420.26,421.37 1 1
AccountingDoc/Gin-Server/service/doc-service.go:424.4,425.24 2 1
AccountingDoc/Gin-Server/service/doc-service.go:421.37,423.5 1 1
AccountingDoc/Gin-Server/service/doc-service.go:425.24,427.5 1 1
AccountingDoc/Gin-Server/service/doc-service.go:428.9,429.37 1 1
AccountingDoc/Gin-Server/service/doc-service.go:432.4,433.24 2 0
AccountingDoc/Gin-Server/service/doc-service.go:429.37,431.5 1 1
AccountingDoc/Gin-Server/service/doc-service.go:433.24,435.5 1 0
AccountingDoc/Gin-Server/service/doc-service.go:438.25,439.77 1 1
AccountingDoc/Gin-Server/service/doc-service.go:442.4,442.29 1 1
AccountingDoc/Gin-Server/service/doc-service.go:439.77,441.5 1 1
AccountingDoc/Gin-Server/service/doc-service.go:442.29,443.64 1 1
AccountingDoc/Gin-Server/service/doc-service.go:443.64,445.6 1 1
AccountingDoc/Gin-Server/service/doc-service.go:446.10,447.63 1 1
AccountingDoc/Gin-Server/service/doc-service.go:447.63,449.6 1 1
AccountingDoc/Gin-Server/service/doc-service.go:451.9,452.77 1 1
AccountingDoc/Gin-Server/service/doc-service.go:452.77,454.5 1 1
AccountingDoc/Gin-Server/service/doc-service.go:461.84,464.22 3 1
AccountingDoc/Gin-Server/service/doc-service.go:467.2,467.18 1 1
AccountingDoc/Gin-Server/service/doc-service.go:464.22,466.3 1 0
AccountingDoc/Gin-Server/service/doc-service.go:470.46,471.57 1 1
AccountingDoc/Gin-Server/service/doc-service.go:483.2,483.12 1 1
AccountingDoc/Gin-Server/service/doc-service.go:471.57,474.23 3 1
AccountingDoc/Gin-Server/service/doc-service.go:477.3,477.23 1 1
AccountingDoc/Gin-Server/service/doc-service.go:480.3,481.19 2 1
AccountingDoc/Gin-Server/service/doc-service.go:474.23,476.4 1 0
AccountingDoc/Gin-Server/service/doc-service.go:477.23,479.4 1 1
